Converting images
Linking build/bin/target.elf
Producing additional output formats...
  target.hex   - Combined internal+external hex
  intflash.elf - Internal flash, elf debug
  intflash.hex - Internal flash, hex
  extflash.bin - External flash, binary
STM32 ST-LINK CLI v3.2.0.0
STM32 ST-LINK Command Line Interface

ST-LINK SN : 066FFF485157717867164725
ST-LINK Firmware version : V2J29M18
Connected via SWD.
SWD Frequency = 4000K.
Target voltage = 3.2 V.
Connection mode : Normal.
Device ID:0x449 
Device flash Size : 1024 Kbytes
Device family :STM32F74x/F75x

Loading file...
Flash Programming:
  File : build/bin/target.hex
  Address : 0x08000000
  External Loader File : C:\Program Files (x86)\STMicroelectronics\STM32 ST-LINK Utility\ST-LINK Utility\ExternalLoader\N25Q128A_STM32F746G-DISCO.stldr
  Device Name          : N25Q128A_STM32F746G-DISCO
  Device Start Address : 0x90000000
  Device Size          : 0x01000000
  Device Type          : Nor Flash
Memory programming...
±±±±±±±±±±±±±±±±±±±±±±±±±±±±±±±±±±±±±±±±±±±±±±±±±± 0% 0%€€€ 6%€€€€€€€€ 23%€€€€€€€€€ 41%€€€€€€€€€ 59%€€€€€€€€€ 76%€€€€€€€€€ 94%€€€ 100%
Memory programmed in 20s and 468ms.
Programming Complete.

MCU Reset.

